In file included from [01m[K/opt/ros/humble/include/rclcpp/rclcpp/logging.hpp:24[m[K,
                 from [01m[K/opt/ros/humble/include/rclcpp/rclcpp/client.hpp:40[m[K,
                 from [01m[K/opt/ros/humble/include/rclcpp/rclcpp/callback_group.hpp:24[m[K,
                 from [01m[K/opt/ros/humble/include/rclcpp/rclcpp/any_executable.hpp:20[m[K,
                 from [01m[K/opt/ros/humble/include/rclcpp/rclcpp/memory_strategy.hpp:25[m[K,
                 from [01m[K/opt/ros/humble/include/rclcpp/rclcpp/memory_strategies.hpp:18[m[K,
                 from [01m[K/opt/ros/humble/include/rclcpp/rclcpp/executor_options.hpp:20[m[K,
                 from [01m[K/opt/ros/humble/include/rclcpp/rclcpp/executor.hpp:37[m[K,
                 from [01m[K/opt/ros/humble/include/rclcpp/rclcpp/executors/multi_threaded_executor.hpp:25[m[K,
                 from [01m[K/opt/ros/humble/include/rclcpp/rclcpp/executors.hpp:21[m[K,
                 from [01m[K/opt/ros/humble/include/rclcpp/rclcpp/rclcpp.hpp:155[m[K,
                 from [01m[K/home/andrea/dobot_v3/src/cr5_moveit_cpp_demo/src/move_cr5_node.cpp:327[m[K:
[01m[K/home/andrea/dobot_v3/src/cr5_moveit_cpp_demo/src/move_cr5_node.cpp:[m[K In member function â€˜[01m[Kbool MoveCR5Node::attemptToReachPoint(const Object&, ScanPoint&, std::vector<ScanPoint>&)[m[Kâ€™:
[01m[K/home/andrea/dobot_v3/src/cr5_moveit_cpp_demo/src/move_cr5_node.cpp:714:60:[m[K [01;31m[Kerror: [m[Kâ€˜[01m[KtoString[m[Kâ€™ is not a member of â€˜[01m[Kmoveit::core::MoveItErrorCode[m[Kâ€™
  714 |                             moveit::core::MoveItErrorCode::[01;31m[KtoString[m[K(execution_result).c_str());
      |                                                            [01;31m[K^~~~~~~~[m[K
[01m[K/home/andrea/dobot_v3/src/cr5_moveit_cpp_demo/src/move_cr5_node.cpp:722:56:[m[K [01;31m[Kerror: [m[Kâ€˜[01m[KtoString[m[Kâ€™ is not a member of â€˜[01m[Kmoveit::core::MoveItErrorCode[m[Kâ€™
  722 |                         moveit::core::MoveItErrorCode::[01;31m[KtoString[m[K(planning_result).c_str());
      |                                                        [01;31m[K^~~~~~~~[m[K
gmake[2]: *** [CMakeFiles/move_cr5_node.dir/build.make:76: CMakeFiles/move_cr5_node.dir/src/move_cr5_node.cpp.o] Error 1
gmake[1]: *** [CMakeFiles/Makefile2:141: CMakeFiles/move_cr5_node.dir/all] Error 2
gmake: *** [Makefile:146: all] Error 2
