[01m[K/home/andrea/dobot_v3/src/cr5_moveit_cpp_demo/src/follow_target.cpp:56:2:[m[K [01;31m[Kerror: [m[Kexpected â€˜[01m[K;[m[Kâ€™ after class definition
   56 | }
      |  [01;31m[K^[m[K
      |  [32m[K;[m[K
gmake[2]: *** [CMakeFiles/follow_target_node.dir/build.make:76: CMakeFiles/follow_target_node.dir/src/follow_target.cpp.o] Error 1
gmake[1]: *** [CMakeFiles/Makefile2:221: CMakeFiles/follow_target_node.dir/all] Error 2
gmake[1]: *** Waiting for unfinished jobs....
gmake: *** [Makefile:146: all] Error 2
