[0.013s] Invoking command in '/home/andrea/dobot_v3/build/cr5_moveit_cpp_demo': CMAKE_PREFIX_PATH=/home/andrea/dobot_v3/install/custom_messages:/home/andrea/dobot_v3/install/nova5_moveit:/home/andrea/dobot_v3/install/nova2_moveit:/home/andrea/dobot_v3/install/cr7_moveit:/home/andrea/dobot_v3/install/cr5_moveit:/home/andrea/dobot_v3/install/cr3_moveit:/home/andrea/dobot_v3/install/cr16_moveit:/home/andrea/dobot_v3/install/cr12_moveit:/home/andrea/dobot_v3/install/cr10_moveit:/home/andrea/dobot_v3/install/dobot_rviz:/home/andrea/dobot_v3/install/dobot_msgs_v3:/home/andrea/dobot_v3/install/dobot_gazebo:/home/andrea/dobot_v3/install/cr5_moveit_cpp_demo:/home/andrea/dobot_v3/install/cra_description:/home/andrea/dobot_v3/install/servo_action:/home/andrea/dobot_v3/install/dobot_bringup_v3:/home/andrea/dobot_v3/install/dobot_moveit:/home/andrea/dobot_v3/install/dobot_demo:/opt/ros/humble LD_LIBRARY_PATH=/home/andrea/dobot_v3/install/custom_messages/lib:/home/andrea/dobot_v3/install/dobot_msgs_v3/lib:/usr/lib/x86_64-linux-gnu/gazebo-11/plugins:/opt/ros/humble/opt/rviz_ogre_vendor/lib:/opt/ros/humble/lib/x86_64-linux-gnu:/opt/ros/humble/lib /usr/bin/cmake --build /home/andrea/dobot_v3/build/cr5_moveit_cpp_demo -- -j12 -l12
[0.055s] -- Found rclcpp: 16.0.15 (/opt/ros/humble/share/rclcpp/cmake)
[0.283s] -- Found rosidl_generator_c: 3.1.7 (/opt/ros/humble/share/rosidl_generator_c/cmake)
[0.286s] -- Found rosidl_adapter: 3.1.7 (/opt/ros/humble/share/rosidl_adapter/cmake)
[0.292s] -- Found rosidl_generator_cpp: 3.1.7 (/opt/ros/humble/share/rosidl_generator_cpp/cmake)
[0.302s] -- Using all available rosidl_typesupport_c: rosidl_typesupport_fastrtps_c;rosidl_typesupport_introspection_c
[0.314s] -- Using all available rosidl_typesupport_cpp: rosidl_typesupport_fastrtps_cpp;rosidl_typesupport_introspection_cpp
[0.353s] -- Found rmw_implementation_cmake: 6.1.2 (/opt/ros/humble/share/rmw_implementation_cmake/cmake)
[0.356s] -- Found rmw_fastrtps_cpp: 6.2.8 (/opt/ros/humble/share/rmw_fastrtps_cpp/cmake)
[0.472s] -- Using RMW implementation 'rmw_fastrtps_cpp' as default
[0.524s] -- Found moveit_core: 2.5.9 (/opt/ros/humble/share/moveit_core/cmake)
[0.553s] -- Found Boost: /usr/lib/x86_64-linux-gnu/cmake/Boost-1.74.0/BoostConfig.cmake (found version "1.74.0") found components: chrono date_time filesystem iostreams program_options regex serialization system thread 
[0.581s] -- Found parameter_traits: 0.5.0 (/opt/ros/humble/share/parameter_traits/cmake)
[0.588s] -- Found rclcpp_lifecycle: 16.0.15 (/opt/ros/humble/share/rclcpp_lifecycle/cmake)
[0.608s] -- Found Boost: /usr/lib/x86_64-linux-gnu/cmake/Boost-1.74.0/BoostConfig.cmake (found version "1.74.0") found components: filesystem 
[0.663s] -- library: /usr/lib/x86_64-linux-gnu/libcurl.so
[0.711s] -- Ensuring Eigen3 include directory is part of orocos-kdl CMake target
[0.900s] -- Found moveit_ros_planning_interface: 2.5.9 (/opt/ros/humble/share/moveit_ros_planning_interface/cmake)
[0.905s] -- Found Boost: /usr/lib/x86_64-linux-gnu/cmake/Boost-1.74.0/BoostConfig.cmake (found version "1.74.0") found components: date_time filesystem program_options system thread 
[0.914s] -- Found Boost: /usr/lib/x86_64-linux-gnu/cmake/Boost-1.74.0/BoostConfig.cmake (found version "1.74.0") found components: system filesystem date_time program_options thread chrono 
[0.939s] -- Found Boost: /usr/lib/x86_64-linux-gnu/cmake/Boost-1.74.0/BoostConfig.cmake (found version "1.74.0") found components: thread system filesystem regex date_time program_options 
[0.955s] -- Found Boost: /usr/lib/x86_64-linux-gnu/cmake/Boost-1.74.0/BoostConfig.cmake (found version "1.74.0") found components: system filesystem date_time program_options thread 
[0.977s] -- Found moveit_ros_robot_interaction: 2.5.9 (/opt/ros/humble/share/moveit_ros_robot_interaction/cmake)
[0.987s] -- Found custom_messages: 0.0.0 (/home/andrea/dobot_v3/install/custom_messages/share/custom_messages/cmake)
[1.034s] -- Found ament_lint_auto: 0.12.14 (/opt/ros/humble/share/ament_lint_auto/cmake)
[1.087s] -- Configuring done
[1.157s] -- Generating done
[1.178s] -- Build files have been written to: /home/andrea/dobot_v3/build/cr5_moveit_cpp_demo
[1.213s] [35m[1mConsolidate compiler generated dependencies of target reworked_map_node[0m
[1.220s] [35m[1mConsolidate compiler generated dependencies of target reconnaissance_node[0m
[1.220s] [35m[1mConsolidate compiler generated dependencies of target fake_zed_node[0m
[1.222s] [35m[1mConsolidate compiler generated dependencies of target move_cr5_node[0m
[1.230s] [35m[1mConsolidate compiler generated dependencies of target move_cr5_node_modular[0m
[1.231s] [  6%] [32mBuilding CXX object CMakeFiles/matlab_slave_node.dir/src/external/matlab_slave_node.cpp.o[0m
[1.243s] [ 18%] Built target reworked_map_node
[1.248s] [ 31%] Built target fake_zed_node
[1.258s] [ 43%] Built target move_cr5_node
[1.262s] [ 56%] Built target reconnaissance_node
[1.273s] [ 93%] Built target move_cr5_node_modular
[4.724s] [01m[K/home/andrea/dobot_v3/src/cr5_moveit_cpp_demo/src/external/matlab_slave_node.cpp:[m[K In member function â€˜[01m[Kvoid cr5_demo::MatlabSlaveNode::try_joint_space_planning(const Pose&)[m[Kâ€™:
[4.724s] [01m[K/home/andrea/dobot_v3/src/cr5_moveit_cpp_demo/src/external/matlab_slave_node.cpp:147:13:[m[K [01;31m[Kerror: [m[Kâ€˜[01m[Krobot_state[m[Kâ€™ has not been declared
[4.724s]   147 |             [01;31m[Krobot_state[m[K::RobotState start_state(*move_group_->getCurrentState());
[4.724s]       |             [01;31m[K^~~~~~~~~~~[m[K
[4.728s] [01m[K/home/andrea/dobot_v3/src/cr5_moveit_cpp_demo/src/external/matlab_slave_node.cpp:148:19:[m[K [01;31m[Kerror: [m[Kâ€˜[01m[Krobot_state[m[Kâ€™ does not name a type
[4.728s]   148 |             const [01;31m[Krobot_state[m[K::JointModelGroup* joint_model_group =
[4.728s]       |                   [01;31m[K^~~~~~~~~~~[m[K
[4.736s] [01m[K/home/andrea/dobot_v3/src/cr5_moveit_cpp_demo/src/external/matlab_slave_node.cpp:151:29:[m[K [01;31m[Kerror: [m[Kâ€˜[01m[Kstart_state[m[Kâ€™ was not declared in this scope; did you mean â€˜[01m[Ksetstate[m[Kâ€™?
[4.736s]   151 |             bool found_ik = [01;31m[Kstart_state[m[K.setFromIK(joint_model_group, target_pose);
[4.736s]       |                             [01;31m[K^~~~~~~~~~~[m[K
[4.736s]       |                             [32m[Ksetstate[m[K
[4.750s] [01m[K/home/andrea/dobot_v3/src/cr5_moveit_cpp_demo/src/external/matlab_slave_node.cpp:151:51:[m[K [01;31m[Kerror: [m[Kâ€˜[01m[Kjoint_model_group[m[Kâ€™ was not declared in this scope
[4.751s]   151 |             bool found_ik = start_state.setFromIK([01;31m[Kjoint_model_group[m[K, target_pose);
[4.751s]       |                                                   [01;31m[K^~~~~~~~~~~~~~~~~[m[K
[8.165s] gmake[2]: *** [CMakeFiles/matlab_slave_node.dir/build.make:76: CMakeFiles/matlab_slave_node.dir/src/external/matlab_slave_node.cpp.o] Error 1
[8.167s] gmake[1]: *** [CMakeFiles/Makefile2:277: CMakeFiles/matlab_slave_node.dir/all] Error 2
[8.167s] gmake: *** [Makefile:146: all] Error 2
[8.171s] Invoked command in '/home/andrea/dobot_v3/build/cr5_moveit_cpp_demo' returned '2': CMAKE_PREFIX_PATH=/home/andrea/dobot_v3/install/custom_messages:/home/andrea/dobot_v3/install/nova5_moveit:/home/andrea/dobot_v3/install/nova2_moveit:/home/andrea/dobot_v3/install/cr7_moveit:/home/andrea/dobot_v3/install/cr5_moveit:/home/andrea/dobot_v3/install/cr3_moveit:/home/andrea/dobot_v3/install/cr16_moveit:/home/andrea/dobot_v3/install/cr12_moveit:/home/andrea/dobot_v3/install/cr10_moveit:/home/andrea/dobot_v3/install/dobot_rviz:/home/andrea/dobot_v3/install/dobot_msgs_v3:/home/andrea/dobot_v3/install/dobot_gazebo:/home/andrea/dobot_v3/install/cr5_moveit_cpp_demo:/home/andrea/dobot_v3/install/cra_description:/home/andrea/dobot_v3/install/servo_action:/home/andrea/dobot_v3/install/dobot_bringup_v3:/home/andrea/dobot_v3/install/dobot_moveit:/home/andrea/dobot_v3/install/dobot_demo:/opt/ros/humble LD_LIBRARY_PATH=/home/andrea/dobot_v3/install/custom_messages/lib:/home/andrea/dobot_v3/install/dobot_msgs_v3/lib:/usr/lib/x86_64-linux-gnu/gazebo-11/plugins:/opt/ros/humble/opt/rviz_ogre_vendor/lib:/opt/ros/humble/lib/x86_64-linux-gnu:/opt/ros/humble/lib /usr/bin/cmake --build /home/andrea/dobot_v3/build/cr5_moveit_cpp_demo -- -j12 -l12
